# JRE version: OpenJDK Runtime Environment (17.0.7+7) (build 17.0.7+7-LTS)
# Java VM: OpenJDK 64-Bit Server VM (17.0.7+7-LTS, mixed mode, sharing, tiered, compressed oops, compressed class ptrs, g1 gc, windows-amd64)
GC Precious Log:
 CPUs: 4 total, 4 available
 Memory: 8077M
 Large Page Support: Disabled
 NUMA Support: Disabled
 Compressed Oops: Enabled (32-bit)
 Heap Region Size: 1M
 Heap Min Capacity: 8M
 Heap Initial Capacity: 128M
 Heap Max Capacity: 2020M
 Pre-touch: Disabled
 Parallel Workers: 4
 Concurrent Workers: 1
 Concurrent Refinement Workers: 4
 Periodic GC: Disabled
Heap:
 garbage-first heap   total 20480K, used 5054K [0x0000000081c00000, 0x0000000100000000)
  region size 1024K, 0 young (0K), 0 survivors (0K)
 Metaspace       used 13290K, committed 13568K, reserved 1114112K
  class space    used 1158K, committed 1280K, reserved 1048576K
GC Heap History (8 events):
Event: 1.313 GC heap before
{Heap before GC invocations=0 (full 0):
 garbage-first heap   total 131072K, used 12288K [0x0000000081c00000, 0x0000000100000000)
  region size 1024K, 13 young (13312K), 0 survivors (0K)
 Metaspace       used 5070K, committed 5184K, reserved 1114112K
  class space    used 461K, committed 512K, reserved 1048576K
}
Event: 1.322 GC heap after
{Heap after GC invocations=1 (full 0):
 garbage-first heap   total 131072K, used 1946K [0x0000000081c00000, 0x0000000100000000)
  region size 1024K, 2 young (2048K), 2 survivors (2048K)
 Metaspace       used 5070K, committed 5184K, reserved 1114112K
  class space    used 461K, committed 512K, reserved 1048576K
}
Event: 9.964 GC heap before
{Heap before GC invocations=1 (full 0):
 garbage-first heap   total 131072K, used 18330K [0x0000000081c00000, 0x0000000100000000)
  region size 1024K, 19 young (19456K), 2 survivors (2048K)
 Metaspace       used 10729K, committed 10944K, reserved 1114112K
  class space    used 882K, committed 960K, reserved 1048576K
}
Event: 9.973 GC heap after
{Heap after GC invocations=2 (full 0):
 garbage-first heap   total 131072K, used 3507K [0x0000000081c00000, 0x0000000100000000)
  region size 1024K, 2 young (2048K), 2 survivors (2048K)
 Metaspace       used 10729K, committed 10944K, reserved 1114112K
  class space    used 882K, committed 960K, reserved 1048576K
}
Event: 53.406 GC heap before
{Heap before GC invocations=2 (full 0):
 garbage-first heap   total 131072K, used 17843K [0x0000000081c00000, 0x0000000100000000)
  region size 1024K, 17 young (17408K), 2 survivors (2048K)
 Metaspace       used 13224K, committed 13504K, reserved 1114112K
  class space    used 1152K, committed 1280K, reserved 1048576K
}
Event: 53.429 GC heap after
{Heap after GC invocations=3 (full 1):
 garbage-first heap   total 24576K, used 5081K [0x0000000081c00000, 0x0000000100000000)
  region size 1024K, 0 young (0K), 0 survivors (0K)
 Metaspace       used 13224K, committed 13504K, reserved 1114112K
  class space    used 1152K, committed 1280K, reserved 1048576K
}
Event: 53.475 GC heap before
{Heap before GC invocations=3 (full 1):
 garbage-first heap   total 24576K, used 5081K [0x0000000081c00000, 0x0000000100000000)
  region size 1024K, 1 young (1024K), 0 survivors (0K)
 Metaspace       used 13290K, committed 13568K, reserved 1114112K
  class space    used 1158K, committed 1280K, reserved 1048576K
}
Event: 53.495 GC heap after
{Heap after GC invocations=4 (full 2):
 garbage-first heap   total 20480K, used 5054K [0x0000000081c00000, 0x0000000100000000)
  region size 1024K, 0 young (0K), 0 survivors (0K)
 Metaspace       used 13290K, committed 13568K, reserved 1114112K
  class space    used 1158K, committed 1280K, reserved 1048576K
}

