# JRE version: OpenJDK Runtime Environment (17.0.7+7) (build 17.0.7+7-LTS)
# Java VM: OpenJDK 64-Bit Server VM (17.0.7+7-LTS, mixed mode, sharing, tiered, compressed oops, compressed class ptrs, g1 gc, windows-amd64)
GC Precious Log:
 CPUs: 4 total, 4 available
 Memory: 8077M
 Large Page Support: Disabled
 NUMA Support: Disabled
 Compressed Oops: Enabled (32-bit)
 Heap Region Size: 1M
 Heap Min Capacity: 8M
 Heap Initial Capacity: 128M
 Heap Max Capacity: 2020M
 Pre-touch: Disabled
 Parallel Workers: 4
 Concurrent Workers: 1
 Concurrent Refinement Workers: 4
 Periodic GC: Disabled
Heap:
 garbage-first heap   total 17408K, used 4824K [0x0000000081c00000, 0x0000000100000000)
  region size 1024K, 0 young (0K), 0 survivors (0K)
 Metaspace       used 12817K, committed 12992K, reserved 1114112K
  class space    used 1100K, committed 1152K, reserved 1048576K
GC Heap History (8 events):
Event: 1.224 GC heap before
{Heap before GC invocations=0 (full 0):
 garbage-first heap   total 131072K, used 12288K [0x0000000081c00000, 0x0000000100000000)
  region size 1024K, 13 young (13312K), 0 survivors (0K)
 Metaspace       used 5062K, committed 5184K, reserved 1114112K
  class space    used 461K, committed 512K, reserved 1048576K
}
Event: 1.228 GC heap after
{Heap after GC invocations=1 (full 0):
 garbage-first heap   total 131072K, used 1898K [0x0000000081c00000, 0x0000000100000000)
  region size 1024K, 2 young (2048K), 2 survivors (2048K)
 Metaspace       used 5062K, committed 5184K, reserved 1114112K
  class space    used 461K, committed 512K, reserved 1048576K
}
Event: 9.368 GC heap before
{Heap before GC invocations=1 (full 0):
 garbage-first heap   total 131072K, used 18282K [0x0000000081c00000, 0x0000000100000000)
  region size 1024K, 19 young (19456K), 2 survivors (2048K)
 Metaspace       used 10437K, committed 10688K, reserved 1114112K
  class space    used 850K, committed 960K, reserved 1048576K
}
Event: 9.383 GC heap after
{Heap after GC invocations=2 (full 0):
 garbage-first heap   total 131072K, used 3766K [0x0000000081c00000, 0x0000000100000000)
  region size 1024K, 2 young (2048K), 2 survivors (2048K)
 Metaspace       used 10437K, committed 10688K, reserved 1114112K
  class space    used 850K, committed 960K, reserved 1048576K
}
Event: 32.708 GC heap before
{Heap before GC invocations=2 (full 0):
 garbage-first heap   total 131072K, used 15030K [0x0000000081c00000, 0x0000000100000000)
  region size 1024K, 14 young (14336K), 2 survivors (2048K)
 Metaspace       used 12750K, committed 12928K, reserved 1114112K
  class space    used 1093K, committed 1152K, reserved 1048576K
}
Event: 32.728 GC heap after
{Heap after GC invocations=3 (full 1):
 garbage-first heap   total 24576K, used 4888K [0x0000000081c00000, 0x0000000100000000)
  region size 1024K, 0 young (0K), 0 survivors (0K)
 Metaspace       used 12750K, committed 12928K, reserved 1114112K
  class space    used 1093K, committed 1152K, reserved 1048576K
}
Event: 32.765 GC heap before
{Heap before GC invocations=3 (full 1):
 garbage-first heap   total 24576K, used 4888K [0x0000000081c00000, 0x0000000100000000)
  region size 1024K, 1 young (1024K), 0 survivors (0K)
 Metaspace       used 12817K, committed 12992K, reserved 1114112K
  class space    used 1100K, committed 1152K, reserved 1048576K
}
Event: 32.785 GC heap after
{Heap after GC invocations=4 (full 2):
 garbage-first heap   total 17408K, used 4824K [0x0000000081c00000, 0x0000000100000000)
  region size 1024K, 0 young (0K), 0 survivors (0K)
 Metaspace       used 12817K, committed 12992K, reserved 1114112K
  class space    used 1100K, committed 1152K, reserved 1048576K
}

