# JRE version: OpenJDK Runtime Environment (17.0.7+7) (build 17.0.7+7-LTS)
# Java VM: OpenJDK 64-Bit Server VM (17.0.7+7-LTS, mixed mode, sharing, tiered, compressed oops, compressed class ptrs, g1 gc, windows-amd64)
GC Precious Log:
 CPUs: 4 total, 4 available
 Memory: 8077M
 Large Page Support: Disabled
 NUMA Support: Disabled
 Compressed Oops: Enabled (32-bit)
 Heap Region Size: 1M
 Heap Min Capacity: 8M
 Heap Initial Capacity: 128M
 Heap Max Capacity: 2020M
 Pre-touch: Disabled
 Parallel Workers: 4
 Concurrent Workers: 1
 Concurrent Refinement Workers: 4
 Periodic GC: Disabled
Heap:
 garbage-first heap   total 17408K, used 4881K [0x0000000081c00000, 0x0000000100000000)
  region size 1024K, 0 young (0K), 0 survivors (0K)
 Metaspace       used 12649K, committed 12864K, reserved 1114112K
  class space    used 1080K, committed 1152K, reserved 1048576K
GC Heap History (8 events):
Event: 1.356 GC heap before
{Heap before GC invocations=0 (full 0):
 garbage-first heap   total 131072K, used 12288K [0x0000000081c00000, 0x0000000100000000)
  region size 1024K, 13 young (13312K), 0 survivors (0K)
 Metaspace       used 5325K, committed 5504K, reserved 1114112K
  class space    used 500K, committed 576K, reserved 1048576K
}
Event: 1.360 GC heap after
{Heap after GC invocations=1 (full 0):
 garbage-first heap   total 131072K, used 1889K [0x0000000081c00000, 0x0000000100000000)
  region size 1024K, 2 young (2048K), 2 survivors (2048K)
 Metaspace       used 5325K, committed 5504K, reserved 1114112K
  class space    used 500K, committed 576K, reserved 1048576K
}
Event: 6.718 GC heap before
{Heap before GC invocations=1 (full 0):
 garbage-first heap   total 131072K, used 19297K [0x0000000081c00000, 0x0000000100000000)
  region size 1024K, 19 young (19456K), 2 survivors (2048K)
 Metaspace       used 10486K, committed 10688K, reserved 1114112K
  class space    used 856K, committed 960K, reserved 1048576K
}
Event: 6.733 GC heap after
{Heap after GC invocations=2 (full 0):
 garbage-first heap   total 131072K, used 3578K [0x0000000081c00000, 0x0000000100000000)
  region size 1024K, 2 young (2048K), 2 survivors (2048K)
 Metaspace       used 10486K, committed 10688K, reserved 1114112K
  class space    used 856K, committed 960K, reserved 1048576K
}
Event: 71.645 GC heap before
{Heap before GC invocations=2 (full 0):
 garbage-first heap   total 131072K, used 15866K [0x0000000081c00000, 0x0000000100000000)
  region size 1024K, 15 young (15360K), 2 survivors (2048K)
 Metaspace       used 12567K, committed 12736K, reserved 1114112K
  class space    used 1072K, committed 1152K, reserved 1048576K
}
Event: 71.663 GC heap after
{Heap after GC invocations=3 (full 1):
 garbage-first heap   total 24576K, used 4912K [0x0000000081c00000, 0x0000000100000000)
  region size 1024K, 0 young (0K), 0 survivors (0K)
 Metaspace       used 12567K, committed 12736K, reserved 1114112K
  class space    used 1072K, committed 1152K, reserved 1048576K
}
Event: 71.717 GC heap before
{Heap before GC invocations=3 (full 1):
 garbage-first heap   total 24576K, used 4912K [0x0000000081c00000, 0x0000000100000000)
  region size 1024K, 1 young (1024K), 0 survivors (0K)
 Metaspace       used 12649K, committed 12864K, reserved 1114112K
  class space    used 1080K, committed 1152K, reserved 1048576K
}
Event: 71.738 GC heap after
{Heap after GC invocations=4 (full 2):
 garbage-first heap   total 17408K, used 4881K [0x0000000081c00000, 0x0000000100000000)
  region size 1024K, 0 young (0K), 0 survivors (0K)
 Metaspace       used 12649K, committed 12864K, reserved 1114112K
  class space    used 1080K, committed 1152K, reserved 1048576K
}

