# JRE version: OpenJDK Runtime Environment (17.0.7+7) (build 17.0.7+7-LTS)
# Java VM: OpenJDK 64-Bit Server VM (17.0.7+7-LTS, mixed mode, sharing, tiered, compressed oops, compressed class ptrs, g1 gc, windows-amd64)
GC Precious Log:
 CPUs: 4 total, 4 available
 Memory: 8077M
 Large Page Support: Disabled
 NUMA Support: Disabled
 Compressed Oops: Enabled (32-bit)
 Heap Region Size: 1M
 Heap Min Capacity: 8M
 Heap Initial Capacity: 128M
 Heap Max Capacity: 2020M
 Pre-touch: Disabled
 Parallel Workers: 4
 Concurrent Workers: 1
 Concurrent Refinement Workers: 4
 Periodic GC: Disabled
Heap:
 garbage-first heap   total 20480K, used 5156K [0x0000000081c00000, 0x0000000100000000)
  region size 1024K, 0 young (0K), 0 survivors (0K)
 Metaspace       used 13180K, committed 13440K, reserved 1114112K
  class space    used 1145K, committed 1280K, reserved 1048576K
GC Heap History (8 events):
Event: 1.340 GC heap before
{Heap before GC invocations=0 (full 0):
 garbage-first heap   total 131072K, used 12288K [0x0000000081c00000, 0x0000000100000000)
  region size 1024K, 13 young (13312K), 0 survivors (0K)
 Metaspace       used 5068K, committed 5184K, reserved 1114112K
  class space    used 460K, committed 512K, reserved 1048576K
}
Event: 1.344 GC heap after
{Heap after GC invocations=1 (full 0):
 garbage-first heap   total 131072K, used 1923K [0x0000000081c00000, 0x0000000100000000)
  region size 1024K, 2 young (2048K), 2 survivors (2048K)
 Metaspace       used 5068K, committed 5184K, reserved 1114112K
  class space    used 460K, committed 512K, reserved 1048576K
}
Event: 7.840 GC heap before
{Heap before GC invocations=1 (full 0):
 garbage-first heap   total 131072K, used 18307K [0x0000000081c00000, 0x0000000100000000)
  region size 1024K, 19 young (19456K), 2 survivors (2048K)
 Metaspace       used 10434K, committed 10688K, reserved 1114112K
  class space    used 851K, committed 960K, reserved 1048576K
}
Event: 7.855 GC heap after
{Heap after GC invocations=2 (full 0):
 garbage-first heap   total 131072K, used 3773K [0x0000000081c00000, 0x0000000100000000)
  region size 1024K, 2 young (2048K), 2 survivors (2048K)
 Metaspace       used 10434K, committed 10688K, reserved 1114112K
  class space    used 851K, committed 960K, reserved 1048576K
}
Event: 32.869 GC heap before
{Heap before GC invocations=2 (full 0):
 garbage-first heap   total 131072K, used 15037K [0x0000000081c00000, 0x0000000100000000)
  region size 1024K, 14 young (14336K), 2 survivors (2048K)
 Metaspace       used 13112K, committed 13312K, reserved 1114112K
  class space    used 1139K, committed 1216K, reserved 1048576K
}
Event: 32.896 GC heap after
{Heap after GC invocations=3 (full 1):
 garbage-first heap   total 24576K, used 5236K [0x0000000081c00000, 0x0000000100000000)
  region size 1024K, 0 young (0K), 0 survivors (0K)
 Metaspace       used 13112K, committed 13312K, reserved 1114112K
  class space    used 1139K, committed 1216K, reserved 1048576K
}
Event: 32.947 GC heap before
{Heap before GC invocations=3 (full 1):
 garbage-first heap   total 24576K, used 5236K [0x0000000081c00000, 0x0000000100000000)
  region size 1024K, 1 young (1024K), 0 survivors (0K)
 Metaspace       used 13180K, committed 13440K, reserved 1114112K
  class space    used 1145K, committed 1280K, reserved 1048576K
}
Event: 32.966 GC heap after
{Heap after GC invocations=4 (full 2):
 garbage-first heap   total 20480K, used 5156K [0x0000000081c00000, 0x0000000100000000)
  region size 1024K, 0 young (0K), 0 survivors (0K)
 Metaspace       used 13180K, committed 13440K, reserved 1114112K
  class space    used 1145K, committed 1280K, reserved 1048576K
}

