# JRE version: OpenJDK Runtime Environment (17.0.7+7) (build 17.0.7+7-LTS)
# Java VM: OpenJDK 64-Bit Server VM (17.0.7+7-LTS, mixed mode, sharing, tiered, compressed oops, compressed class ptrs, g1 gc, windows-amd64)
GC Precious Log:
 CPUs: 4 total, 4 available
 Memory: 8077M
 Large Page Support: Disabled
 NUMA Support: Disabled
 Compressed Oops: Enabled (32-bit)
 Heap Region Size: 1M
 Heap Min Capacity: 8M
 Heap Initial Capacity: 128M
 Heap Max Capacity: 2020M
 Pre-touch: Disabled
 Parallel Workers: 4
 Concurrent Workers: 1
 Concurrent Refinement Workers: 4
 Periodic GC: Disabled
Heap:
 garbage-first heap   total 20480K, used 4986K [0x0000000081c00000, 0x0000000100000000)
  region size 1024K, 1 young (1024K), 0 survivors (0K)
 Metaspace       used 12951K, committed 13248K, reserved 1114112K
  class space    used 1114K, committed 1280K, reserved 1048576K
GC Heap History (8 events):
Event: 1.305 GC heap before
{Heap before GC invocations=0 (full 0):
 garbage-first heap   total 131072K, used 12288K [0x0000000081c00000, 0x0000000100000000)
  region size 1024K, 13 young (13312K), 0 survivors (0K)
 Metaspace       used 5313K, committed 5504K, reserved 1114112K
  class space    used 500K, committed 576K, reserved 1048576K
}
Event: 1.309 GC heap after
{Heap after GC invocations=1 (full 0):
 garbage-first heap   total 131072K, used 1904K [0x0000000081c00000, 0x0000000100000000)
  region size 1024K, 2 young (2048K), 2 survivors (2048K)
 Metaspace       used 5313K, committed 5504K, reserved 1114112K
  class space    used 500K, committed 576K, reserved 1048576K
}
Event: 8.072 GC heap before
{Heap before GC invocations=1 (full 0):
 garbage-first heap   total 131072K, used 18288K [0x0000000081c00000, 0x0000000100000000)
  region size 1024K, 19 young (19456K), 2 survivors (2048K)
 Metaspace       used 10445K, committed 10688K, reserved 1114112K
  class space    used 850K, committed 960K, reserved 1048576K
}
Event: 8.080 GC heap after
{Heap after GC invocations=2 (full 0):
 garbage-first heap   total 131072K, used 3513K [0x0000000081c00000, 0x0000000100000000)
  region size 1024K, 2 young (2048K), 2 survivors (2048K)
 Metaspace       used 10445K, committed 10688K, reserved 1114112K
  class space    used 850K, committed 960K, reserved 1048576K
}
Event: 20.977 GC heap before
{Heap before GC invocations=2 (full 0):
 garbage-first heap   total 131072K, used 15801K [0x0000000081c00000, 0x0000000100000000)
  region size 1024K, 15 young (15360K), 2 survivors (2048K)
 Metaspace       used 12870K, committed 13184K, reserved 1114112K
  class space    used 1108K, committed 1280K, reserved 1048576K
}
Event: 20.996 GC heap after
{Heap after GC invocations=3 (full 1):
 garbage-first heap   total 24576K, used 5083K [0x0000000081c00000, 0x0000000100000000)
  region size 1024K, 0 young (0K), 0 survivors (0K)
 Metaspace       used 12870K, committed 13184K, reserved 1114112K
  class space    used 1108K, committed 1280K, reserved 1048576K
}
Event: 21.040 GC heap before
{Heap before GC invocations=3 (full 1):
 garbage-first heap   total 24576K, used 5083K [0x0000000081c00000, 0x0000000100000000)
  region size 1024K, 1 young (1024K), 0 survivors (0K)
 Metaspace       used 12949K, committed 13248K, reserved 1114112K
  class space    used 1114K, committed 1280K, reserved 1048576K
}
Event: 21.062 GC heap after
{Heap after GC invocations=4 (full 2):
 garbage-first heap   total 20480K, used 4986K [0x0000000081c00000, 0x0000000100000000)
  region size 1024K, 0 young (0K), 0 survivors (0K)
 Metaspace       used 12949K, committed 13248K, reserved 1114112K
  class space    used 1114K, committed 1280K, reserved 1048576K
}

