# JRE version: OpenJDK Runtime Environment (17.0.7+7) (build 17.0.7+7-LTS)
# Java VM: OpenJDK 64-Bit Server VM (17.0.7+7-LTS, mixed mode, sharing, tiered, compressed oops, compressed class ptrs, g1 gc, windows-amd64)
GC Precious Log:
 CPUs: 4 total, 4 available
 Memory: 8077M
 Large Page Support: Disabled
 NUMA Support: Disabled
 Compressed Oops: Enabled (32-bit)
 Heap Region Size: 1M
 Heap Min Capacity: 8M
 Heap Initial Capacity: 128M
 Heap Max Capacity: 2020M
 Pre-touch: Disabled
 Parallel Workers: 4
 Concurrent Workers: 1
 Concurrent Refinement Workers: 4
 Periodic GC: Disabled
Heap:
 garbage-first heap   total 20480K, used 4993K [0x0000000081c00000, 0x0000000100000000)
  region size 1024K, 1 young (1024K), 0 survivors (0K)
 Metaspace       used 12949K, committed 13248K, reserved 1114112K
  class space    used 1115K, committed 1280K, reserved 1048576K
GC Heap History (8 events):
Event: 1.296 GC heap before
{Heap before GC invocations=0 (full 0):
 garbage-first heap   total 131072K, used 12288K [0x0000000081c00000, 0x0000000100000000)
  region size 1024K, 13 young (13312K), 0 survivors (0K)
 Metaspace       used 5307K, committed 5504K, reserved 1114112K
  class space    used 499K, committed 576K, reserved 1048576K
}
Event: 1.301 GC heap after
{Heap after GC invocations=1 (full 0):
 garbage-first heap   total 131072K, used 1901K [0x0000000081c00000, 0x0000000100000000)
  region size 1024K, 2 young (2048K), 2 survivors (2048K)
 Metaspace       used 5307K, committed 5504K, reserved 1114112K
  class space    used 499K, committed 576K, reserved 1048576K
}
Event: 18.430 GC heap before
{Heap before GC invocations=1 (full 0):
 garbage-first heap   total 131072K, used 18285K [0x0000000081c00000, 0x0000000100000000)
  region size 1024K, 19 young (19456K), 2 survivors (2048K)
 Metaspace       used 10435K, committed 10688K, reserved 1114112K
  class space    used 851K, committed 960K, reserved 1048576K
}
Event: 18.438 GC heap after
{Heap after GC invocations=2 (full 0):
 garbage-first heap   total 131072K, used 3584K [0x0000000081c00000, 0x0000000100000000)
  region size 1024K, 2 young (2048K), 2 survivors (2048K)
 Metaspace       used 10435K, committed 10688K, reserved 1114112K
  class space    used 851K, committed 960K, reserved 1048576K
}
Event: 37.179 GC heap before
{Heap before GC invocations=2 (full 0):
 garbage-first heap   total 131072K, used 15872K [0x0000000081c00000, 0x0000000100000000)
  region size 1024K, 15 young (15360K), 2 survivors (2048K)
 Metaspace       used 12868K, committed 13184K, reserved 1114112K
  class space    used 1109K, committed 1280K, reserved 1048576K
}
Event: 37.199 GC heap after
{Heap after GC invocations=3 (full 1):
 garbage-first heap   total 20480K, used 5049K [0x0000000081c00000, 0x0000000100000000)
  region size 1024K, 0 young (0K), 0 survivors (0K)
 Metaspace       used 12868K, committed 13184K, reserved 1114112K
  class space    used 1109K, committed 1280K, reserved 1048576K
}
Event: 37.243 GC heap before
{Heap before GC invocations=3 (full 1):
 garbage-first heap   total 20480K, used 5049K [0x0000000081c00000, 0x0000000100000000)
  region size 1024K, 1 young (1024K), 0 survivors (0K)
 Metaspace       used 12947K, committed 13248K, reserved 1114112K
  class space    used 1115K, committed 1280K, reserved 1048576K
}
Event: 37.263 GC heap after
{Heap after GC invocations=4 (full 2):
 garbage-first heap   total 20480K, used 4993K [0x0000000081c00000, 0x0000000100000000)
  region size 1024K, 0 young (0K), 0 survivors (0K)
 Metaspace       used 12947K, committed 13248K, reserved 1114112K
  class space    used 1115K, committed 1280K, reserved 1048576K
}

