# JRE version: OpenJDK Runtime Environment (17.0.7+7) (build 17.0.7+7-LTS)
# Java VM: OpenJDK 64-Bit Server VM (17.0.7+7-LTS, mixed mode, sharing, tiered, compressed oops, compressed class ptrs, g1 gc, windows-amd64)
GC Precious Log:
 CPUs: 4 total, 4 available
 Memory: 8077M
 Large Page Support: Disabled
 NUMA Support: Disabled
 Compressed Oops: Enabled (32-bit)
 Heap Region Size: 1M
 Heap Min Capacity: 8M
 Heap Initial Capacity: 128M
 Heap Max Capacity: 2020M
 Pre-touch: Disabled
 Parallel Workers: 4
 Concurrent Workers: 1
 Concurrent Refinement Workers: 4
 Periodic GC: Disabled
Heap:
 garbage-first heap   total 14336K, used 3877K [0x0000000081c00000, 0x0000000100000000)
  region size 1024K, 0 young (0K), 0 survivors (0K)
 Metaspace       used 10805K, committed 11008K, reserved 1114112K
  class space    used 904K, committed 960K, reserved 1048576K
GC Heap History (6 events):
Event: 1.171 GC heap before
{Heap before GC invocations=0 (full 0):
 garbage-first heap   total 131072K, used 12288K [0x0000000081c00000, 0x0000000100000000)
  region size 1024K, 13 young (13312K), 0 survivors (0K)
 Metaspace       used 5312K, committed 5504K, reserved 1114112K
  class space    used 499K, committed 576K, reserved 1048576K
}
Event: 1.176 GC heap after
{Heap after GC invocations=1 (full 0):
 garbage-first heap   total 131072K, used 1877K [0x0000000081c00000, 0x0000000100000000)
  region size 1024K, 2 young (2048K), 2 survivors (2048K)
 Metaspace       used 5312K, committed 5504K, reserved 1114112K
  class space    used 499K, committed 576K, reserved 1048576K
}
Event: 10.182 GC heap before
{Heap before GC invocations=1 (full 0):
 garbage-first heap   total 131072K, used 17237K [0x0000000081c00000, 0x0000000100000000)
  region size 1024K, 19 young (19456K), 2 survivors (2048K)
 Metaspace       used 10721K, committed 10880K, reserved 1114112K
  class space    used 898K, committed 960K, reserved 1048576K
}
Event: 10.197 GC heap after
{Heap after GC invocations=2 (full 1):
 garbage-first heap   total 20480K, used 3890K [0x0000000081c00000, 0x0000000100000000)
  region size 1024K, 0 young (0K), 0 survivors (0K)
 Metaspace       used 10721K, committed 10880K, reserved 1114112K
  class space    used 898K, committed 960K, reserved 1048576K
}
Event: 10.226 GC heap before
{Heap before GC invocations=2 (full 1):
 garbage-first heap   total 20480K, used 3890K [0x0000000081c00000, 0x0000000100000000)
  region size 1024K, 1 young (1024K), 0 survivors (0K)
 Metaspace       used 10805K, committed 11008K, reserved 1114112K
  class space    used 904K, committed 960K, reserved 1048576K
}
Event: 10.237 GC heap after
{Heap after GC invocations=3 (full 2):
 garbage-first heap   total 14336K, used 3877K [0x0000000081c00000, 0x0000000100000000)
  region size 1024K, 0 young (0K), 0 survivors (0K)
 Metaspace       used 10805K, committed 11008K, reserved 1114112K
  class space    used 904K, committed 960K, reserved 1048576K
}

