# JRE version: OpenJDK Runtime Environment (17.0.7+7) (build 17.0.7+7-LTS)
# Java VM: OpenJDK 64-Bit Server VM (17.0.7+7-LTS, mixed mode, sharing, tiered, compressed oops, compressed class ptrs, g1 gc, windows-amd64)
GC Precious Log:
 CPUs: 4 total, 4 available
 Memory: 8077M
 Large Page Support: Disabled
 NUMA Support: Disabled
 Compressed Oops: Enabled (32-bit)
 Heap Region Size: 1M
 Heap Min Capacity: 8M
 Heap Initial Capacity: 128M
 Heap Max Capacity: 2020M
 Pre-touch: Disabled
 Parallel Workers: 4
 Concurrent Workers: 1
 Concurrent Refinement Workers: 4
 Periodic GC: Disabled
Heap:
 garbage-first heap   total 20480K, used 5217K [0x0000000081c00000, 0x0000000100000000)
  region size 1024K, 1 young (1024K), 0 survivors (0K)
 Metaspace       used 13366K, committed 13632K, reserved 1114112K
  class space    used 1159K, committed 1280K, reserved 1048576K
GC Heap History (8 events):
Event: 3.142 GC heap before
{Heap before GC invocations=0 (full 0):
 garbage-first heap   total 131072K, used 12288K [0x0000000081c00000, 0x0000000100000000)
  region size 1024K, 13 young (13312K), 0 survivors (0K)
 Metaspace       used 5322K, committed 5504K, reserved 1114112K
  class space    used 499K, committed 576K, reserved 1048576K
}
Event: 3.152 GC heap after
{Heap after GC invocations=1 (full 0):
 garbage-first heap   total 131072K, used 1861K [0x0000000081c00000, 0x0000000100000000)
  region size 1024K, 2 young (2048K), 2 survivors (2048K)
 Metaspace       used 5322K, committed 5504K, reserved 1114112K
  class space    used 499K, committed 576K, reserved 1048576K
}
Event: 17.275 GC heap before
{Heap before GC invocations=1 (full 0):
 garbage-first heap   total 131072K, used 18245K [0x0000000081c00000, 0x0000000100000000)
  region size 1024K, 19 young (19456K), 2 survivors (2048K)
 Metaspace       used 10445K, committed 10688K, reserved 1114112K
  class space    used 846K, committed 960K, reserved 1048576K
}
Event: 17.283 GC heap after
{Heap after GC invocations=2 (full 0):
 garbage-first heap   total 131072K, used 3626K [0x0000000081c00000, 0x0000000100000000)
  region size 1024K, 2 young (2048K), 2 survivors (2048K)
 Metaspace       used 10445K, committed 10688K, reserved 1114112K
  class space    used 846K, committed 960K, reserved 1048576K
}
Event: 186.122 GC heap before
{Heap before GC invocations=2 (full 0):
 garbage-first heap   total 131072K, used 21034K [0x0000000081c00000, 0x0000000100000000)
  region size 1024K, 20 young (20480K), 2 survivors (2048K)
 Metaspace       used 13298K, committed 13568K, reserved 1114112K
  class space    used 1152K, committed 1280K, reserved 1048576K
}
Event: 186.145 GC heap after
{Heap after GC invocations=3 (full 1):
 garbage-first heap   total 20480K, used 5301K [0x0000000081c00000, 0x0000000100000000)
  region size 1024K, 0 young (0K), 0 survivors (0K)
 Metaspace       used 13298K, committed 13568K, reserved 1114112K
  class space    used 1152K, committed 1280K, reserved 1048576K
}
Event: 186.264 GC heap before
{Heap before GC invocations=3 (full 1):
 garbage-first heap   total 20480K, used 5301K [0x0000000081c00000, 0x0000000100000000)
  region size 1024K, 1 young (1024K), 0 survivors (0K)
 Metaspace       used 13366K, committed 13632K, reserved 1114112K
  class space    used 1159K, committed 1280K, reserved 1048576K
}
Event: 186.287 GC heap after
{Heap after GC invocations=4 (full 2):
 garbage-first heap   total 20480K, used 5217K [0x0000000081c00000, 0x0000000100000000)
  region size 1024K, 0 young (0K), 0 survivors (0K)
 Metaspace       used 13366K, committed 13632K, reserved 1114112K
  class space    used 1159K, committed 1280K, reserved 1048576K
}

