# JRE version: OpenJDK Runtime Environment (17.0.7+7) (build 17.0.7+7-LTS)
# Java VM: OpenJDK 64-Bit Server VM (17.0.7+7-LTS, mixed mode, sharing, tiered, compressed oops, compressed class ptrs, g1 gc, windows-amd64)
GC Precious Log:
 CPUs: 4 total, 4 available
 Memory: 8077M
 Large Page Support: Disabled
 NUMA Support: Disabled
 Compressed Oops: Enabled (32-bit)
 Heap Region Size: 1M
 Heap Min Capacity: 8M
 Heap Initial Capacity: 128M
 Heap Max Capacity: 2020M
 Pre-touch: Disabled
 Parallel Workers: 4
 Concurrent Workers: 1
 Concurrent Refinement Workers: 4
 Periodic GC: Disabled
Heap:
 garbage-first heap   total 20480K, used 5081K [0x0000000081c00000, 0x0000000100000000)
  region size 1024K, 0 young (0K), 0 survivors (0K)
 Metaspace       used 13134K, committed 13376K, reserved 1114112K
  class space    used 1140K, committed 1216K, reserved 1048576K
GC Heap History (8 events):
Event: 1.433 GC heap before
{Heap before GC invocations=0 (full 0):
 garbage-first heap   total 131072K, used 12288K [0x0000000081c00000, 0x0000000100000000)
  region size 1024K, 13 young (13312K), 0 survivors (0K)
 Metaspace       used 5316K, committed 5504K, reserved 1114112K
  class space    used 500K, committed 576K, reserved 1048576K
}
Event: 1.437 GC heap after
{Heap after GC invocations=1 (full 0):
 garbage-first heap   total 131072K, used 1940K [0x0000000081c00000, 0x0000000100000000)
  region size 1024K, 2 young (2048K), 2 survivors (2048K)
 Metaspace       used 5316K, committed 5504K, reserved 1114112K
  class space    used 500K, committed 576K, reserved 1048576K
}
Event: 7.290 GC heap before
{Heap before GC invocations=1 (full 0):
 garbage-first heap   total 131072K, used 18324K [0x0000000081c00000, 0x0000000100000000)
  region size 1024K, 19 young (19456K), 2 survivors (2048K)
 Metaspace       used 10428K, committed 10688K, reserved 1114112K
  class space    used 851K, committed 960K, reserved 1048576K
}
Event: 7.298 GC heap after
{Heap after GC invocations=2 (full 0):
 garbage-first heap   total 131072K, used 3598K [0x0000000081c00000, 0x0000000100000000)
  region size 1024K, 2 young (2048K), 2 survivors (2048K)
 Metaspace       used 10428K, committed 10688K, reserved 1114112K
  class space    used 851K, committed 960K, reserved 1048576K
}
Event: 24.185 GC heap before
{Heap before GC invocations=2 (full 0):
 garbage-first heap   total 131072K, used 13838K [0x0000000081c00000, 0x0000000100000000)
  region size 1024K, 14 young (14336K), 2 survivors (2048K)
 Metaspace       used 13063K, committed 13312K, reserved 1114112K
  class space    used 1134K, committed 1216K, reserved 1048576K
}
Event: 24.204 GC heap after
{Heap after GC invocations=3 (full 1):
 garbage-first heap   total 24576K, used 5163K [0x0000000081c00000, 0x0000000100000000)
  region size 1024K, 0 young (0K), 0 survivors (0K)
 Metaspace       used 13063K, committed 13312K, reserved 1114112K
  class space    used 1134K, committed 1216K, reserved 1048576K
}
Event: 24.271 GC heap before
{Heap before GC invocations=3 (full 1):
 garbage-first heap   total 24576K, used 5163K [0x0000000081c00000, 0x0000000100000000)
  region size 1024K, 1 young (1024K), 0 survivors (0K)
 Metaspace       used 13134K, committed 13376K, reserved 1114112K
  class space    used 1140K, committed 1216K, reserved 1048576K
}
Event: 24.290 GC heap after
{Heap after GC invocations=4 (full 2):
 garbage-first heap   total 20480K, used 5081K [0x0000000081c00000, 0x0000000100000000)
  region size 1024K, 0 young (0K), 0 survivors (0K)
 Metaspace       used 13134K, committed 13376K, reserved 1114112K
  class space    used 1140K, committed 1216K, reserved 1048576K
}

