# JRE version: OpenJDK Runtime Environment (17.0.7+7) (build 17.0.7+7-LTS)
# Java VM: OpenJDK 64-Bit Server VM (17.0.7+7-LTS, mixed mode, sharing, tiered, compressed oops, compressed class ptrs, g1 gc, windows-amd64)
GC Precious Log:
 CPUs: 4 total, 4 available
 Memory: 8077M
 Large Page Support: Disabled
 NUMA Support: Disabled
 Compressed Oops: Enabled (32-bit)
 Heap Region Size: 1M
 Heap Min Capacity: 8M
 Heap Initial Capacity: 128M
 Heap Max Capacity: 2020M
 Pre-touch: Disabled
 Parallel Workers: 4
 Concurrent Workers: 1
 Concurrent Refinement Workers: 4
 Periodic GC: Disabled
Heap:
 garbage-first heap   total 20480K, used 4977K [0x0000000081c00000, 0x0000000100000000)
  region size 1024K, 1 young (1024K), 0 survivors (0K)
 Metaspace       used 13186K, committed 13440K, reserved 1114112K
  class space    used 1151K, committed 1280K, reserved 1048576K
GC Heap History (8 events):
Event: 1.496 GC heap before
{Heap before GC invocations=0 (full 0):
 garbage-first heap   total 131072K, used 12288K [0x0000000081c00000, 0x0000000100000000)
  region size 1024K, 13 young (13312K), 0 survivors (0K)
 Metaspace       used 5065K, committed 5184K, reserved 1114112K
  class space    used 460K, committed 512K, reserved 1048576K
}
Event: 1.501 GC heap after
{Heap after GC invocations=1 (full 0):
 garbage-first heap   total 131072K, used 1898K [0x0000000081c00000, 0x0000000100000000)
  region size 1024K, 2 young (2048K), 2 survivors (2048K)
 Metaspace       used 5065K, committed 5184K, reserved 1114112K
  class space    used 460K, committed 512K, reserved 1048576K
}
Event: 16.927 GC heap before
{Heap before GC invocations=1 (full 0):
 garbage-first heap   total 131072K, used 18282K [0x0000000081c00000, 0x0000000100000000)
  region size 1024K, 19 young (19456K), 2 survivors (2048K)
 Metaspace       used 10763K, committed 10944K, reserved 1114112K
  class space    used 888K, committed 960K, reserved 1048576K
}
Event: 16.935 GC heap after
{Heap after GC invocations=2 (full 0):
 garbage-first heap   total 131072K, used 3621K [0x0000000081c00000, 0x0000000100000000)
  region size 1024K, 2 young (2048K), 2 survivors (2048K)
 Metaspace       used 10763K, committed 10944K, reserved 1114112K
  class space    used 888K, committed 960K, reserved 1048576K
}
Event: 20.135 GC heap before
{Heap before GC invocations=2 (full 0):
 garbage-first heap   total 131072K, used 14885K [0x0000000081c00000, 0x0000000100000000)
  region size 1024K, 14 young (14336K), 2 survivors (2048K)
 Metaspace       used 13107K, committed 13440K, reserved 1114112K
  class space    used 1144K, committed 1280K, reserved 1048576K
}
Event: 20.157 GC heap after
{Heap after GC invocations=3 (full 1):
 garbage-first heap   total 24576K, used 5025K [0x0000000081c00000, 0x0000000100000000)
  region size 1024K, 0 young (0K), 0 survivors (0K)
 Metaspace       used 13107K, committed 13440K, reserved 1114112K
  class space    used 1144K, committed 1280K, reserved 1048576K
}
Event: 20.213 GC heap before
{Heap before GC invocations=3 (full 1):
 garbage-first heap   total 24576K, used 5025K [0x0000000081c00000, 0x0000000100000000)
  region size 1024K, 1 young (1024K), 0 survivors (0K)
 Metaspace       used 13185K, committed 13440K, reserved 1114112K
  class space    used 1151K, committed 1280K, reserved 1048576K
}
Event: 20.233 GC heap after
{Heap after GC invocations=4 (full 2):
 garbage-first heap   total 20480K, used 4977K [0x0000000081c00000, 0x0000000100000000)
  region size 1024K, 0 young (0K), 0 survivors (0K)
 Metaspace       used 13185K, committed 13440K, reserved 1114112K
  class space    used 1151K, committed 1280K, reserved 1048576K
}

